<?xml version="1.0" encoding="UTF-8"?>
<testng-results skipped="0" failed="2" ignored="0" total="2" passed="0">
  <reporter-output>
    <line>
      <![CDATA[-------------------------------Executing test: HotelCityWideTest-------------------------------]]>
    </line>
    <line>
      <![CDATA[- Not able to retrieve web driver.
org.openqa.selenium.remote.UnreachableBrowserException: Could not start a new session. Possible causes are invalid address of the remote server or browser start-up failure.
Build info: version: '3.11.0', revision: 'e59cfb3', time: '2018-03-11T20:26:55.152Z'
System info: host: '3067ba6581c8', ip: '172.17.0.3', os.name: 'Linux', os.arch: 'amd64', os.version: '5.3.0-46-generic', java.version: '1.8.0_181'
Driver info: driver.version: RemoteWebDriver]]>
    </line>
    <line>
      <![CDATA[13.57.050	<font color='red'>java.lang.NullPointerException</font>]]>
    </line>
    <line>
      <![CDATA[---------------------------------------------------------------------------]]>
    </line>
    <line>
      <![CDATA[-------------------------------Executing test: FlightsTest-------------------------------]]>
    </line>
    <line>
      <![CDATA[- Not able to retrieve web driver.
org.openqa.selenium.remote.UnreachableBrowserException: Could not start a new session. Possible causes are invalid address of the remote server or browser start-up failure.
Build info: version: '3.11.0', revision: 'e59cfb3', time: '2018-03-11T20:26:55.152Z'
System info: host: '3067ba6581c8', ip: '172.17.0.3', os.name: 'Linux', os.arch: 'amd64', os.version: '5.3.0-46-generic', java.version: '1.8.0_181'
Driver info: driver.version: RemoteWebDriver]]>
    </line>
    <line>
      <![CDATA[13.57.050	<font color='red'>java.lang.NullPointerException</font>]]>
    </line>
    <line>
      <![CDATA[---------------------------------------------------------------------------]]>
    </line>
  </reporter-output>
  <suite name="Smoke Suite" duration-ms="787" started-at="2020-05-30T13:57:50Z" finished-at="2020-05-30T13:57:50Z">
    <groups>
    </groups>
    <test name="Click Tripz" duration-ms="787" started-at="2020-05-30T13:57:50Z" finished-at="2020-05-30T13:57:50Z">
      <class name="test.java.smokeTests.FlightsTest">
        <test-method status="PASS" signature="beforeClass()[pri:0, instance:test.java.smokeTests.FlightsTest@2ef9b8bc]" name="beforeClass" is-config="true" duration-ms="15" started-at="2020-05-30T13:57:50Z" finished-at="2020-05-30T13:57:50Z">
          <reporter-output>
            <line>
              <![CDATA[-------------------------------Executing test: FlightsTest-------------------------------]]>
            </line>
            <line>
              <![CDATA[- Not able to retrieve web driver.
org.openqa.selenium.remote.UnreachableBrowserException: Could not start a new session. Possible causes are invalid address of the remote server or browser start-up failure.
Build info: version: '3.11.0', revision: 'e59cfb3', time: '2018-03-11T20:26:55.152Z'
System info: host: '3067ba6581c8', ip: '172.17.0.3', os.name: 'Linux', os.arch: 'amd64', os.version: '5.3.0-46-generic', java.version: '1.8.0_181'
Driver info: driver.version: RemoteWebDriver]]>
            </line>
          </reporter-output>
        </test-method> <!-- beforeClass -->
        <test-method status="FAIL" signature="flightsTest(java.util.Map)[pri:0, instance:test.java.smokeTests.FlightsTest@2ef9b8bc]" name="flightsTest" duration-ms="0" started-at="2020-05-30T13:57:50Z" data-provider="flightsDataSet1" finished-at="2020-05-30T13:57:50Z">
          <params>
            <param index="0">
              <value>
                <![CDATA[{ReturningDate=06/7/2020, DepartureDate=06/5/2020, FlightFrom=JFK, FlightTo=MIA, TravelersNum=2}]]>
              </value>
            </param>
          </params>
          <exception class="java.lang.AssertionError">
            <message>
              <![CDATA[Exception found on hotelCityWideTest]]>
            </message>
            <full-stacktrace>
              <![CDATA[java.lang.AssertionError: Exception found on hotelCityWideTest
	at org.testng.Assert.fail(Assert.java:93)
	at test.java.smokeTests.FlightsTest.flightsTest(FlightsTest.java:56)
	at sun.reflect.NativeMethodAccessorImpl.invoke0(Native Method)
	at sun.reflect.NativeMethodAccessorImpl.invoke(NativeMethodAccessorImpl.java:62)
	at sun.reflect.DelegatingMethodAccessorImpl.invoke(DelegatingMethodAccessorImpl.java:43)
	at java.lang.reflect.Method.invoke(Method.java:498)
	at org.testng.internal.MethodInvocationHelper.invokeMethod(MethodInvocationHelper.java:108)
	at org.testng.internal.Invoker.invokeMethod(Invoker.java:661)
	at org.testng.internal.Invoker.invokeTestMethod(Invoker.java:869)
	at org.testng.internal.Invoker.invokeTestMethods(Invoker.java:1193)
	at org.testng.internal.TestMethodWorker.invokeTestMethods(TestMethodWorker.java:126)
	at org.testng.internal.TestMethodWorker.run(TestMethodWorker.java:109)
	at org.testng.TestRunner.privateRun(TestRunner.java:744)
	at org.testng.TestRunner.run(TestRunner.java:602)
	at org.testng.SuiteRunner.runTest(SuiteRunner.java:380)
	at org.testng.SuiteRunner.runSequentially(SuiteRunner.java:375)
	at org.testng.SuiteRunner.privateRun(SuiteRunner.java:340)
	at org.testng.SuiteRunner.run(SuiteRunner.java:289)
	at org.testng.SuiteRunnerWorker.runSuite(SuiteRunnerWorker.java:52)
	at org.testng.SuiteRunnerWorker.run(SuiteRunnerWorker.java:86)
	at org.testng.TestNG.runSuitesSequentially(TestNG.java:1301)
	at org.testng.TestNG.runSuitesLocally(TestNG.java:1226)
	at org.testng.TestNG.runSuites(TestNG.java:1144)
	at org.testng.TestNG.run(TestNG.java:1115)
	at org.apache.maven.surefire.testng.TestNGExecutor.run(TestNGExecutor.java:281)
	at org.apache.maven.surefire.testng.TestNGXmlTestSuite.execute(TestNGXmlTestSuite.java:75)
	at org.apache.maven.surefire.testng.TestNGProvider.invoke(TestNGProvider.java:121)
	at org.apache.maven.surefire.booter.ForkedBooter.invokeProviderInSameClassLoader(ForkedBooter.java:290)
	at org.apache.maven.surefire.booter.ForkedBooter.runSuitesInProcess(ForkedBooter.java:242)
	at org.apache.maven.surefire.booter.ForkedBooter.main(ForkedBooter.java:121)
]]>
            </full-stacktrace>
          </exception> <!-- java.lang.AssertionError -->
          <reporter-output>
            <line>
              <![CDATA[13.57.050	<font color='red'>java.lang.NullPointerException</font>]]>
            </line>
          </reporter-output>
        </test-method> <!-- flightsTest -->
        <test-method status="PASS" signature="afterClass()[pri:0, instance:test.java.smokeTests.FlightsTest@2ef9b8bc]" name="afterClass" is-config="true" duration-ms="0" started-at="2020-05-30T13:57:50Z" finished-at="2020-05-30T13:57:50Z">
          <reporter-output>
            <line>
              <![CDATA[---------------------------------------------------------------------------]]>
            </line>
          </reporter-output>
        </test-method> <!-- afterClass -->
      </class> <!-- test.java.smokeTests.FlightsTest -->
      <class name="test.java.smokeTests.HotelCityWideTest">
        <test-method status="PASS" signature="beforeClass()[pri:0, instance:test.java.smokeTests.HotelCityWideTest@5315b42e]" name="beforeClass" is-config="true" duration-ms="697" started-at="2020-05-30T13:57:50Z" finished-at="2020-05-30T13:57:50Z">
          <reporter-output>
            <line>
              <![CDATA[-------------------------------Executing test: HotelCityWideTest-------------------------------]]>
            </line>
            <line>
              <![CDATA[- Not able to retrieve web driver.
org.openqa.selenium.remote.UnreachableBrowserException: Could not start a new session. Possible causes are invalid address of the remote server or browser start-up failure.
Build info: version: '3.11.0', revision: 'e59cfb3', time: '2018-03-11T20:26:55.152Z'
System info: host: '3067ba6581c8', ip: '172.17.0.3', os.name: 'Linux', os.arch: 'amd64', os.version: '5.3.0-46-generic', java.version: '1.8.0_181'
Driver info: driver.version: RemoteWebDriver]]>
            </line>
          </reporter-output>
        </test-method> <!-- beforeClass -->
        <test-method status="FAIL" signature="hotelCityWideTest(java.util.Map)[pri:0, instance:test.java.smokeTests.HotelCityWideTest@5315b42e]" name="hotelCityWideTest" duration-ms="15" started-at="2020-05-30T13:57:50Z" data-provider="HotelCitywideDataSet1" finished-at="2020-05-30T13:57:50Z">
          <params>
            <param index="0">
              <value>
                <![CDATA[{guests=2, rooms=1, CheckInDate=06/5/2020, city=Los Angeles, USA, CheckOutDate=06/7/2020}]]>
              </value>
            </param>
          </params>
          <exception class="java.lang.AssertionError">
            <message>
              <![CDATA[Exception found on hotelCityWideTest]]>
            </message>
            <full-stacktrace>
              <![CDATA[java.lang.AssertionError: Exception found on hotelCityWideTest
	at org.testng.Assert.fail(Assert.java:93)
	at test.java.smokeTests.HotelCityWideTest.hotelCityWideTest(HotelCityWideTest.java:57)
	at sun.reflect.NativeMethodAccessorImpl.invoke0(Native Method)
	at sun.reflect.NativeMethodAccessorImpl.invoke(NativeMethodAccessorImpl.java:62)
	at sun.reflect.DelegatingMethodAccessorImpl.invoke(DelegatingMethodAccessorImpl.java:43)
	at java.lang.reflect.Method.invoke(Method.java:498)
	at org.testng.internal.MethodInvocationHelper.invokeMethod(MethodInvocationHelper.java:108)
	at org.testng.internal.Invoker.invokeMethod(Invoker.java:661)
	at org.testng.internal.Invoker.invokeTestMethod(Invoker.java:869)
	at org.testng.internal.Invoker.invokeTestMethods(Invoker.java:1193)
	at org.testng.internal.TestMethodWorker.invokeTestMethods(TestMethodWorker.java:126)
	at org.testng.internal.TestMethodWorker.run(TestMethodWorker.java:109)
	at org.testng.TestRunner.privateRun(TestRunner.java:744)
	at org.testng.TestRunner.run(TestRunner.java:602)
	at org.testng.SuiteRunner.runTest(SuiteRunner.java:380)
	at org.testng.SuiteRunner.runSequentially(SuiteRunner.java:375)
	at org.testng.SuiteRunner.privateRun(SuiteRunner.java:340)
	at org.testng.SuiteRunner.run(SuiteRunner.java:289)
	at org.testng.SuiteRunnerWorker.runSuite(SuiteRunnerWorker.java:52)
	at org.testng.SuiteRunnerWorker.run(SuiteRunnerWorker.java:86)
	at org.testng.TestNG.runSuitesSequentially(TestNG.java:1301)
	at org.testng.TestNG.runSuitesLocally(TestNG.java:1226)
	at org.testng.TestNG.runSuites(TestNG.java:1144)
	at org.testng.TestNG.run(TestNG.java:1115)
	at org.apache.maven.surefire.testng.TestNGExecutor.run(TestNGExecutor.java:281)
	at org.apache.maven.surefire.testng.TestNGXmlTestSuite.execute(TestNGXmlTestSuite.java:75)
	at org.apache.maven.surefire.testng.TestNGProvider.invoke(TestNGProvider.java:121)
	at org.apache.maven.surefire.booter.ForkedBooter.invokeProviderInSameClassLoader(ForkedBooter.java:290)
	at org.apache.maven.surefire.booter.ForkedBooter.runSuitesInProcess(ForkedBooter.java:242)
	at org.apache.maven.surefire.booter.ForkedBooter.main(ForkedBooter.java:121)
]]>
            </full-stacktrace>
          </exception> <!-- java.lang.AssertionError -->
          <reporter-output>
            <line>
              <![CDATA[13.57.050	<font color='red'>java.lang.NullPointerException</font>]]>
            </line>
          </reporter-output>
        </test-method> <!-- hotelCityWideTest -->
        <test-method status="PASS" signature="afterClass()[pri:0, instance:test.java.smokeTests.HotelCityWideTest@5315b42e]" name="afterClass" is-config="true" duration-ms="1" started-at="2020-05-30T13:57:50Z" finished-at="2020-05-30T13:57:50Z">
          <reporter-output>
            <line>
              <![CDATA[---------------------------------------------------------------------------]]>
            </line>
          </reporter-output>
        </test-method> <!-- afterClass -->
      </class> <!-- test.java.smokeTests.HotelCityWideTest -->
    </test> <!-- Click Tripz -->
  </suite> <!-- Smoke Suite -->
</testng-results>
